SF:lib/entities/player_model.dart
DA:8,1
DA:10,1
DA:11,4
LF:3
LH:3
end_of_record
SF:lib/entities/player_type_enum.dart
DA:1,1
DA:3,2
DA:5,1
DA:6,4
LF:4
LH:4
end_of_record
SF:lib/screens/game_page/bloc/game_page_bloc.dart
DA:10,2
DA:11,1
DA:12,0
DA:13,0
DA:15,0
DA:16,0
DA:17,0
DA:20,0
DA:21,0
DA:23,0
DA:25,0
DA:27,0
DA:28,0
DA:30,0
DA:31,0
DA:32,0
DA:35,0
DA:37,0
DA:38,0
DA:41,0
DA:43,0
DA:44,0
DA:47,0
DA:49,0
DA:50,0
DA:55,1
DA:56,0
DA:57,0
DA:58,0
LF:29
LH:3
end_of_record
SF:lib/screens/game_page/bloc/game_page_state.dart
DA:15,1
DA:16,0
DA:17,0
DA:18,0
DA:19,0
DA:21,0
DA:22,0
DA:28,0
DA:29,0
DA:30,0
DA:31,0
DA:32,0
DA:34,0
DA:35,0
DA:41,0
DA:42,0
DA:43,0
DA:44,0
DA:45,0
DA:46,0
DA:47,0
DA:52,0
DA:53,0
DA:54,0
DA:55,0
DA:56,0
LF:26
LH:1
end_of_record
SF:lib/utils/game_util.dart
DA:10,1
DA:11,1
DA:12,1
DA:13,1
DA:14,1
DA:15,1
DA:16,1
DA:17,1
DA:18,1
DA:19,1
DA:21,2
DA:22,3
DA:23,5
DA:24,5
DA:25,2
DA:29,1
DA:35,1
DA:36,2
DA:37,1
DA:42,1
DA:44,1
DA:45,1
DA:46,1
DA:47,1
DA:52,1
DA:53,1
DA:59,0
DA:61,0
DA:62,0
DA:67,0
DA:69,0
DA:70,0
DA:74,1
DA:75,1
DA:76,2
DA:77,1
DA:78,1
DA:79,0
DA:80,0
DA:82,1
DA:87,1
DA:88,2
DA:89,1
DA:91,1
DA:94,1
DA:95,5
LF:46
LH:38
end_of_record
SF:lib/constants/app_strings.dart
DA:5,0
LF:1
LH:0
end_of_record
SF:lib/screens/game_page/bloc/game_page_events.dart
DA:12,0
DA:20,0
LF:2
LH:0
end_of_record
SF:lib/utils/ai_utils.dart
DA:8,0
DA:9,0
DA:10,0
DA:11,0
DA:15,0
DA:16,0
DA:20,0
DA:21,0
DA:22,0
DA:24,0
DA:26,0
DA:28,0
DA:32,0
DA:34,0
DA:36,0
DA:37,0
DA:39,0
DA:40,0
DA:41,0
DA:42,0
DA:43,0
DA:44,0
DA:53,0
LF:23
LH:0
end_of_record
